11 18, 2019 1:26:56 午後 org.apache.catalina.startup.VersionLoggerListener log
情報: Server version:        Apache Tomcat/7.0.92
11 18, 2019 1:26:56 午後 org.apache.catalina.startup.VersionLoggerListener log
情報: Server built:          Nov 9 2018 11:07:44 UTC
11 18, 2019 1:26:56 午後 org.apache.catalina.startup.VersionLoggerListener log
情報: Server number:         7.0.92.0
11 18, 2019 1:26:56 午後 org.apache.catalina.startup.VersionLoggerListener log
情報: OS Name:               Windows 8.1
11 18, 2019 1:26:56 午後 org.apache.catalina.startup.VersionLoggerListener log
情報: OS Version:            6.3
11 18, 2019 1:26:56 午後 org.apache.catalina.startup.VersionLoggerListener log
情報: Architecture:          x86
11 18, 2019 1:26:56 午後 org.apache.catalina.startup.VersionLoggerListener log
情報: Java Home:             C:\Program Files (x86)\Java\jre7
11 18, 2019 1:26:56 午後 org.apache.catalina.startup.VersionLoggerListener log
情報: JVM Version:           1.7.0_85-b33
11 18, 2019 1:26:56 午後 org.apache.catalina.startup.VersionLoggerListener log
情報: JVM Vendor:            Oracle Corporation
11 18, 2019 1:26:56 午後 org.apache.catalina.startup.VersionLoggerListener log
情報: CATALINA_BASE:         C:\xampp\tomcat
11 18, 2019 1:26:56 午後 org.apache.catalina.startup.VersionLoggerListener log
情報: CATALINA_HOME:         C:\xampp\tomcat
11 18, 2019 1:26:56 午後 org.apache.catalina.startup.VersionLoggerListener log
情報: Command line argument: -Djava.util.logging.config.file=C:\xampp\tomcat\conf\logging.properties
11 18, 2019 1:26:56 午後 org.apache.catalina.startup.VersionLoggerListener log
情報: Command line argument: -Djava.util.logging.manager=org.apache.juli.ClassLoaderLogManager
11 18, 2019 1:26:56 午後 org.apache.catalina.startup.VersionLoggerListener log
情報: Command line argument: -Djdk.tls.ephemeralDHKeySize=2048
11 18, 2019 1:26:56 午後 org.apache.catalina.startup.VersionLoggerListener log
情報: Command line argument: -Dignore.endorsed.dirs=
11 18, 2019 1:26:56 午後 org.apache.catalina.startup.VersionLoggerListener log
情報: Command line argument: -Dcatalina.base=C:\xampp\tomcat
11 18, 2019 1:26:56 午後 org.apache.catalina.startup.VersionLoggerListener log
情報: Command line argument: -Dcatalina.home=C:\xampp\tomcat
11 18, 2019 1:26:56 午後 org.apache.catalina.startup.VersionLoggerListener log
情報: Command line argument: -Djava.io.tmpdir=C:\xampp\tomcat\temp
11 18, 2019 1:26:56 午後 org.apache.catalina.core.AprLifecycleListener lifecycleEvent
情報: The APR based Apache Tomcat Native library which allows optimal performance in production environments was not found on the java.library.path: C:\Program Files (x86)\Java\jre7\bin;C:\Windows\Sun\Java\bin;C:\Windows\system32;C:\Windows;C:\Program Files (x86)\Intel\Intel(R) Management Engine Components\iCLS\;C:\Program Files\Intel\Intel(R) Management Engine Components\iCLS\;C:\Windows\system32;C:\Windows;C:\Windows\System32\Wbem;C:\Windows\System32\WindowsPowerShell\v1.0\;C:\Windows\System32\OpenSSH\;C:\Program Files (x86)\Intel\Intel(R) Management Engine Components\DAL;C:\Program Files\Intel\Intel(R) Management Engine Components\DAL;C:\Program Files (x86)\Intel\Intel(R) Management Engine Components\IPT;C:\Program Files\Intel\Intel(R) Management Engine Components\IPT;C:\Program Files\Intel\WiFi\bin\;C:\Program Files\Common Files\Intel\WirelessCommon\;C:\Program Files (x86)\IBM\Client Access\Emulator;C:\Program Files (x86)\IBM\Client Access\Shared;C:\Program Files (x86)\IBM\Client Access\;C:\Program Files(x86)\Java\jre7\bin;c:\Program Files (x86)\Microsoft SQL Server\100\Tools\Binn\;c:\Program Files (x86)\Microsoft SQL Server\100\DTS\Binn\;C:\Program Files (x86)\Brackets\command;C:\Program Files\Git\cmd;C:\Program Files\TortoiseGit\bin;C:\Users\0175158\AppData\Local\Microsoft\WindowsApps;C:\Program Files\Intel\WiFi\bin\;C:\Program Files\Common Files\Intel\WirelessCommon\;C:\Users\0175158\AppData\Local\Programs\Microsoft VS Code\bin;C:\MinGW\bin;C:\Program Files\PostgreSQL\11\bin;C:\Users\0175158\AppData\Local\Continuum\anaconda3;C:\Users\0175158\AppData\Local\Continuum\anaconda3\Sctipts;C:\Users\0175158\AppData\Local\Continnum\anaconda3\Library\mingw-w64\bin;C:\Users\0175158\AppData\Local\Programs\Python\Python37-32\Scripts\;C:\Users\0175158\AppData\Local\Programs\Python\Python37-32\;C:\Users\0175158\AppData\Local\Continuum\anaconda3\Library\usr\bin;C:\Users\0175158\AppData\local\Continuum\anaconda3\Library\bin;;.
11 18, 2019 1:26:57 午後 org.apache.coyote.AbstractProtocol init
情報: Initializing ProtocolHandler ["http-bio-8080"]
11 18, 2019 1:26:57 午後 org.apache.coyote.AbstractProtocol init
情報: Initializing ProtocolHandler ["ajp-bio-8009"]
11 18, 2019 1:26:57 午後 org.apache.catalina.startup.Catalina load
情報: Initialization processed in 2342 ms
11 18, 2019 1:26:57 午後 org.apache.catalina.core.StandardService startInternal
情報: サービス Catalina を起動します
11 18, 2019 1:26:57 午後 org.apache.catalina.core.StandardEngine startInternal
情報: Starting Servlet Engine: Apache Tomcat/7.0.92
11 18, 2019 1:26:57 午後 org.apache.catalina.startup.HostConfig deployDirectory
情報: Webアプリケーションディレクトリ C:\xampp\tomcat\webapps\docs を配備します
11 18, 2019 1:26:58 午後 org.apache.catalina.util.SessionIdGeneratorBase createSecureRandom
警告: Creation of SecureRandom instance for session ID generation using [SHA1PRNG] took [402] milliseconds.
11 18, 2019 1:26:58 午後 org.apache.catalina.startup.HostConfig deployDirectory
情報: Deployment of web application directory C:\xampp\tomcat\webapps\docs has finished in 1,345 ms
11 18, 2019 1:26:58 午後 org.apache.catalina.startup.HostConfig deployDirectory
情報: Webアプリケーションディレクトリ C:\xampp\tomcat\webapps\examples を配備します
11 18, 2019 1:27:00 午後 org.apache.catalina.startup.HostConfig deployDirectory
情報: Deployment of web application directory C:\xampp\tomcat\webapps\examples has finished in 1,974 ms
11 18, 2019 1:27:00 午後 org.apache.catalina.startup.HostConfig deployDirectory
情報: Webアプリケーションディレクトリ C:\xampp\tomcat\webapps\host-manager を配備します
11 18, 2019 1:27:01 午後 org.apache.catalina.startup.HostConfig deployDirectory
情報: Deployment of web application directory C:\xampp\tomcat\webapps\host-manager has finished in 135 ms
11 18, 2019 1:27:01 午後 org.apache.catalina.startup.HostConfig deployDirectory
情報: Webアプリケーションディレクトリ C:\xampp\tomcat\webapps\manager を配備します
11 18, 2019 1:27:01 午後 org.apache.catalina.startup.HostConfig deployDirectory
情報: Deployment of web application directory C:\xampp\tomcat\webapps\manager has finished in 121 ms
11 18, 2019 1:27:01 午後 org.apache.catalina.startup.HostConfig deployDirectory
情報: Webアプリケーションディレクトリ C:\xampp\tomcat\webapps\ROOT を配備します
11 18, 2019 1:27:01 午後 org.apache.catalina.startup.HostConfig deployDirectory
情報: Deployment of web application directory C:\xampp\tomcat\webapps\ROOT has finished in 92 ms
11 18, 2019 1:27:01 午後 org.apache.coyote.AbstractProtocol start
情報: Starting ProtocolHandler ["http-bio-8080"]
11 18, 2019 1:27:01 午後 org.apache.coyote.AbstractProtocol start
情報: Starting ProtocolHandler ["ajp-bio-8009"]
11 18, 2019 1:27:01 午後 org.apache.catalina.startup.Catalina start
情報: Server startup in 3864 ms
11 18, 2019 5:29:02 午後 org.apache.catalina.startup.VersionLoggerListener log
情報: Server version:        Apache Tomcat/7.0.92
11 18, 2019 5:29:02 午後 org.apache.catalina.startup.VersionLoggerListener log
情報: Server built:          Nov 9 2018 11:07:44 UTC
11 18, 2019 5:29:02 午後 org.apache.catalina.startup.VersionLoggerListener log
情報: Server number:         7.0.92.0
11 18, 2019 5:29:02 午後 org.apache.catalina.startup.VersionLoggerListener log
情報: OS Name:               Windows 8.1
11 18, 2019 5:29:02 午後 org.apache.catalina.startup.VersionLoggerListener log
情報: OS Version:            6.3
11 18, 2019 5:29:02 午後 org.apache.catalina.startup.VersionLoggerListener log
情報: Architecture:          x86
11 18, 2019 5:29:02 午後 org.apache.catalina.startup.VersionLoggerListener log
情報: Java Home:             C:\Program Files (x86)\Java\jre7
11 18, 2019 5:29:02 午後 org.apache.catalina.startup.VersionLoggerListener log
情報: JVM Version:           1.7.0_85-b33
11 18, 2019 5:29:02 午後 org.apache.catalina.startup.VersionLoggerListener log
情報: JVM Vendor:            Oracle Corporation
11 18, 2019 5:29:02 午後 org.apache.catalina.startup.VersionLoggerListener log
情報: CATALINA_BASE:         C:\xampp\tomcat
11 18, 2019 5:29:02 午後 org.apache.catalina.startup.VersionLoggerListener log
情報: CATALINA_HOME:         C:\xampp\tomcat
11 18, 2019 5:29:02 午後 org.apache.catalina.startup.VersionLoggerListener log
情報: Command line argument: -Djava.util.logging.config.file=C:\xampp\tomcat\conf\logging.properties
11 18, 2019 5:29:02 午後 org.apache.catalina.startup.VersionLoggerListener log
情報: Command line argument: -Djava.util.logging.manager=org.apache.juli.ClassLoaderLogManager
11 18, 2019 5:29:02 午後 org.apache.catalina.startup.VersionLoggerListener log
情報: Command line argument: -Djdk.tls.ephemeralDHKeySize=2048
11 18, 2019 5:29:02 午後 org.apache.catalina.startup.VersionLoggerListener log
情報: Command line argument: -Dignore.endorsed.dirs=
11 18, 2019 5:29:02 午後 org.apache.catalina.startup.VersionLoggerListener log
情報: Command line argument: -Dcatalina.base=C:\xampp\tomcat
11 18, 2019 5:29:02 午後 org.apache.catalina.startup.VersionLoggerListener log
情報: Command line argument: -Dcatalina.home=C:\xampp\tomcat
11 18, 2019 5:29:02 午後 org.apache.catalina.startup.VersionLoggerListener log
情報: Command line argument: -Djava.io.tmpdir=C:\xampp\tomcat\temp
11 18, 2019 5:29:02 午後 org.apache.catalina.core.AprLifecycleListener lifecycleEvent
情報: The APR based Apache Tomcat Native library which allows optimal performance in production environments was not found on the java.library.path: C:\Program Files (x86)\Java\jre7\bin;C:\Windows\Sun\Java\bin;C:\Windows\system32;C:\Windows;C:\ProgramData\DockerDesktop\version-bin;C:\Program Files\Docker\Docker\Resources\bin;C:\Program Files (x86)\Intel\Intel(R) Management Engine Components\iCLS\;C:\Program Files\Intel\Intel(R) Management Engine Components\iCLS\;C:\Windows\system32;C:\Windows;C:\Windows\System32\Wbem;C:\Windows\System32\WindowsPowerShell\v1.0\;C:\Windows\System32\OpenSSH\;C:\Program Files (x86)\Intel\Intel(R) Management Engine Components\DAL;C:\Program Files\Intel\Intel(R) Management Engine Components\DAL;C:\Program Files (x86)\Intel\Intel(R) Management Engine Components\IPT;C:\Program Files\Intel\Intel(R) Management Engine Components\IPT;C:\Program Files\Intel\WiFi\bin\;C:\Program Files\Common Files\Intel\WirelessCommon\;C:\Program Files (x86)\IBM\Client Access\Emulator;C:\Program Files (x86)\IBM\Client Access\Shared;C:\Program Files (x86)\IBM\Client Access\;C:\Program Files(x86)\Java\jre7\bin;c:\Program Files (x86)\Microsoft SQL Server\100\Tools\Binn\;c:\Program Files (x86)\Microsoft SQL Server\100\DTS\Binn\;C:\Program Files (x86)\Brackets\command;C:\Program Files\Git\cmd;C:\Program Files\TortoiseGit\bin;C:\xampp\php;C:\ProgramData\ComposerSetup\bin;C:\Users\0175158\AppData\Local\Microsoft\WindowsApps;C:\Program Files\Intel\WiFi\bin\;C:\Program Files\Common Files\Intel\WirelessCommon\;C:\Users\0175158\AppData\Local\Programs\Microsoft VS Code\bin;C:\MinGW\bin;C:\Program Files\PostgreSQL\11\bin;C:\Users\0175158\AppData\Local\Continuum\anaconda3;C:\Users\0175158\AppData\Local\Continuum\anaconda3\Sctipts;C:\Users\0175158\AppData\Local\Continnum\anaconda3\Library\mingw-w64\bin;C:\Users\0175158\AppData\Local\Programs\Python\Python37-32\Scripts\;C:\Users\0175158\AppData\Local\Programs\Python\Python37-32\;C:\Users\0175158\AppData\Local\Continuum\anaconda3\Library\usr\bin;C:\Users\0175158\AppData\local\Continuum\anaconda3\Library\bin;;.
11 18, 2019 5:29:02 午後 org.apache.coyote.AbstractProtocol init
情報: Initializing ProtocolHandler ["http-bio-8080"]
11 18, 2019 5:29:02 午後 org.apache.coyote.AbstractProtocol init
情報: Initializing ProtocolHandler ["ajp-bio-8009"]
11 18, 2019 5:29:02 午後 org.apache.catalina.startup.Catalina load
情報: Initialization processed in 1216 ms
11 18, 2019 5:29:03 午後 org.apache.catalina.core.StandardService startInternal
情報: サービス Catalina を起動します
11 18, 2019 5:29:03 午後 org.apache.catalina.core.StandardEngine startInternal
情報: Starting Servlet Engine: Apache Tomcat/7.0.92
11 18, 2019 5:29:03 午後 org.apache.catalina.startup.HostConfig deployDirectory
情報: Webアプリケーションディレクトリ C:\xampp\tomcat\webapps\docs を配備します
11 18, 2019 5:29:03 午後 org.apache.catalina.util.SessionIdGeneratorBase createSecureRandom
警告: Creation of SecureRandom instance for session ID generation using [SHA1PRNG] took [391] milliseconds.
11 18, 2019 5:29:03 午後 org.apache.catalina.startup.HostConfig deployDirectory
情報: Deployment of web application directory C:\xampp\tomcat\webapps\docs has finished in 910 ms
11 18, 2019 5:29:03 午後 org.apache.catalina.startup.HostConfig deployDirectory
情報: Webアプリケーションディレクトリ C:\xampp\tomcat\webapps\examples を配備します
11 18, 2019 5:29:05 午後 org.apache.catalina.startup.HostConfig deployDirectory
情報: Deployment of web application directory C:\xampp\tomcat\webapps\examples has finished in 1,660 ms
11 18, 2019 5:29:05 午後 org.apache.catalina.startup.HostConfig deployDirectory
情報: Webアプリケーションディレクトリ C:\xampp\tomcat\webapps\host-manager を配備します
11 18, 2019 5:29:05 午後 org.apache.catalina.startup.HostConfig deployDirectory
情報: Deployment of web application directory C:\xampp\tomcat\webapps\host-manager has finished in 92 ms
11 18, 2019 5:29:05 午後 org.apache.catalina.startup.HostConfig deployDirectory
情報: Webアプリケーションディレクトリ C:\xampp\tomcat\webapps\manager を配備します
11 18, 2019 5:29:05 午後 org.apache.catalina.startup.HostConfig deployDirectory
情報: Deployment of web application directory C:\xampp\tomcat\webapps\manager has finished in 108 ms
11 18, 2019 5:29:05 午後 org.apache.catalina.startup.HostConfig deployDirectory
情報: Webアプリケーションディレクトリ C:\xampp\tomcat\webapps\ROOT を配備します
11 18, 2019 5:29:05 午後 org.apache.catalina.startup.HostConfig deployDirectory
情報: Deployment of web application directory C:\xampp\tomcat\webapps\ROOT has finished in 129 ms
11 18, 2019 5:29:05 午後 org.apache.coyote.AbstractProtocol start
情報: Starting ProtocolHandler ["http-bio-8080"]
11 18, 2019 5:29:06 午後 org.apache.coyote.AbstractProtocol start
情報: Starting ProtocolHandler ["ajp-bio-8009"]
11 18, 2019 5:29:06 午後 org.apache.catalina.startup.Catalina start
情報: Server startup in 3030 ms
