10 09, 2019 3:41:49 午後 org.apache.catalina.startup.VersionLoggerListener log
情報: Server version:        Apache Tomcat/7.0.92
10 09, 2019 3:41:49 午後 org.apache.catalina.startup.VersionLoggerListener log
情報: Server version:        Apache Tomcat/7.0.92
10 09, 2019 3:41:50 午後 org.apache.catalina.startup.VersionLoggerListener log
情報: Server built:          Nov 9 2018 11:07:44 UTC
10 09, 2019 3:41:50 午後 org.apache.catalina.startup.VersionLoggerListener log
情報: Server built:          Nov 9 2018 11:07:44 UTC
10 09, 2019 3:41:50 午後 org.apache.catalina.startup.VersionLoggerListener log
情報: Server number:         7.0.92.0
10 09, 2019 3:41:50 午後 org.apache.catalina.startup.VersionLoggerListener log
情報: Server number:         7.0.92.0
10 09, 2019 3:41:50 午後 org.apache.catalina.startup.VersionLoggerListener log
情報: OS Name:               Windows 8.1
10 09, 2019 3:41:50 午後 org.apache.catalina.startup.VersionLoggerListener log
情報: OS Name:               Windows 8.1
10 09, 2019 3:41:50 午後 org.apache.catalina.startup.VersionLoggerListener log
情報: OS Version:            6.3
10 09, 2019 3:41:50 午後 org.apache.catalina.startup.VersionLoggerListener log
情報: OS Version:            6.3
10 09, 2019 3:41:50 午後 org.apache.catalina.startup.VersionLoggerListener log
情報: Architecture:          x86
10 09, 2019 3:41:50 午後 org.apache.catalina.startup.VersionLoggerListener log
情報: Architecture:          x86
10 09, 2019 3:41:50 午後 org.apache.catalina.startup.VersionLoggerListener log
情報: Java Home:             C:\Program Files (x86)\Java\jre7
10 09, 2019 3:41:50 午後 org.apache.catalina.startup.VersionLoggerListener log
情報: Java Home:             C:\Program Files (x86)\Java\jre7
10 09, 2019 3:41:50 午後 org.apache.catalina.startup.VersionLoggerListener log
情報: JVM Version:           1.7.0_85-b33
10 09, 2019 3:41:50 午後 org.apache.catalina.startup.VersionLoggerListener log
情報: JVM Version:           1.7.0_85-b33
10 09, 2019 3:41:50 午後 org.apache.catalina.startup.VersionLoggerListener log
情報: JVM Vendor:            Oracle Corporation
10 09, 2019 3:41:50 午後 org.apache.catalina.startup.VersionLoggerListener log
情報: JVM Vendor:            Oracle Corporation
10 09, 2019 3:41:50 午後 org.apache.catalina.startup.VersionLoggerListener log
情報: CATALINA_BASE:         C:\xampp\tomcat
10 09, 2019 3:41:50 午後 org.apache.catalina.startup.VersionLoggerListener log
情報: CATALINA_BASE:         C:\xampp\tomcat
10 09, 2019 3:41:50 午後 org.apache.catalina.startup.VersionLoggerListener log
情報: CATALINA_HOME:         C:\xampp\tomcat
10 09, 2019 3:41:50 午後 org.apache.catalina.startup.VersionLoggerListener log
情報: CATALINA_HOME:         C:\xampp\tomcat
10 09, 2019 3:41:50 午後 org.apache.catalina.startup.VersionLoggerListener log
情報: Command line argument: -Djava.util.logging.config.file=C:\xampp\tomcat\conf\logging.properties
10 09, 2019 3:41:50 午後 org.apache.catalina.startup.VersionLoggerListener log
情報: Command line argument: -Djava.util.logging.config.file=C:\xampp\tomcat\conf\logging.properties
10 09, 2019 3:41:50 午後 org.apache.catalina.startup.VersionLoggerListener log
情報: Command line argument: -Djava.util.logging.manager=org.apache.juli.ClassLoaderLogManager
10 09, 2019 3:41:50 午後 org.apache.catalina.startup.VersionLoggerListener log
情報: Command line argument: -Djava.util.logging.manager=org.apache.juli.ClassLoaderLogManager
10 09, 2019 3:41:50 午後 org.apache.catalina.startup.VersionLoggerListener log
情報: Command line argument: -Djdk.tls.ephemeralDHKeySize=2048
10 09, 2019 3:41:50 午後 org.apache.catalina.startup.VersionLoggerListener log
情報: Command line argument: -Djdk.tls.ephemeralDHKeySize=2048
10 09, 2019 3:41:50 午後 org.apache.catalina.startup.VersionLoggerListener log
情報: Command line argument: -Dignore.endorsed.dirs=
10 09, 2019 3:41:50 午後 org.apache.catalina.startup.VersionLoggerListener log
情報: Command line argument: -Dignore.endorsed.dirs=
10 09, 2019 3:41:50 午後 org.apache.catalina.startup.VersionLoggerListener log
情報: Command line argument: -Dcatalina.base=C:\xampp\tomcat
10 09, 2019 3:41:50 午後 org.apache.catalina.startup.VersionLoggerListener log
情報: Command line argument: -Dcatalina.base=C:\xampp\tomcat
10 09, 2019 3:41:50 午後 org.apache.catalina.startup.VersionLoggerListener log
情報: Command line argument: -Dcatalina.home=C:\xampp\tomcat
10 09, 2019 3:41:50 午後 org.apache.catalina.startup.VersionLoggerListener log
情報: Command line argument: -Dcatalina.home=C:\xampp\tomcat
10 09, 2019 3:41:50 午後 org.apache.catalina.startup.VersionLoggerListener log
情報: Command line argument: -Djava.io.tmpdir=C:\xampp\tomcat\temp
10 09, 2019 3:41:50 午後 org.apache.catalina.startup.VersionLoggerListener log
情報: Command line argument: -Djava.io.tmpdir=C:\xampp\tomcat\temp
10 09, 2019 3:41:50 午後 org.apache.catalina.core.AprLifecycleListener lifecycleEvent
情報: The APR based Apache Tomcat Native library which allows optimal performance in production environments was not found on the java.library.path: C:\Program Files (x86)\Java\jre7\bin;C:\Windows\Sun\Java\bin;C:\Windows\system32;C:\Windows;C:\Program Files (x86)\Intel\Intel(R) Management Engine Components\iCLS\;C:\Program Files\Intel\Intel(R) Management Engine Components\iCLS\;C:\Windows\system32;C:\Windows;C:\Windows\System32\Wbem;C:\Windows\System32\WindowsPowerShell\v1.0\;C:\Windows\System32\OpenSSH\;C:\Program Files (x86)\Intel\Intel(R) Management Engine Components\DAL;C:\Program Files\Intel\Intel(R) Management Engine Components\DAL;C:\Program Files (x86)\Intel\Intel(R) Management Engine Components\IPT;C:\Program Files\Intel\Intel(R) Management Engine Components\IPT;C:\Program Files\Intel\WiFi\bin\;C:\Program Files\Common Files\Intel\WirelessCommon\;C:\Program Files (x86)\IBM\Client Access\Emulator;C:\Program Files (x86)\IBM\Client Access\Shared;C:\Program Files (x86)\IBM\Client Access\;C:\Program Files(x86)\Java\jre7\bin;c:\Program Files (x86)\Microsoft SQL Server\100\Tools\Binn\;c:\Program Files (x86)\Microsoft SQL Server\100\DTS\Binn\;C:\Program Files (x86)\Brackets\command;C:\Program Files\Git\cmd;C:\Program Files\TortoiseGit\bin;C:\Users\0175158\AppData\Local\Microsoft\WindowsApps;C:\Program Files\Intel\WiFi\bin\;C:\Program Files\Common Files\Intel\WirelessCommon\;C:\Users\0175158\AppData\Local\Programs\Microsoft VS Code\bin;C:\MinGW\bin;C:\Program Files\PostgreSQL\11\bin;C:\Users\0175158\AppData\Local\Continuum\anaconda3;C:\Users\0175158\AppData\Local\Continuum\anaconda3\Sctipts;C:\Users\0175158\AppData\Local\Continnum\anaconda3\Library\mingw-w64\bin;C:\Users\0175158\AppData\Local\Programs\Python\Python37-32\Scripts\;C:\Users\0175158\AppData\Local\Programs\Python\Python37-32\;C:\Users\0175158\AppData\Local\Continuum\anaconda3\Library\usr\bin;C:\Users\0175158\AppData\local\Continuum\anaconda3\Library\bin;;.
10 09, 2019 3:41:50 午後 org.apache.catalina.core.AprLifecycleListener lifecycleEvent
情報: The APR based Apache Tomcat Native library which allows optimal performance in production environments was not found on the java.library.path: C:\Program Files (x86)\Java\jre7\bin;C:\Windows\Sun\Java\bin;C:\Windows\system32;C:\Windows;C:\Program Files (x86)\Intel\Intel(R) Management Engine Components\iCLS\;C:\Program Files\Intel\Intel(R) Management Engine Components\iCLS\;C:\Windows\system32;C:\Windows;C:\Windows\System32\Wbem;C:\Windows\System32\WindowsPowerShell\v1.0\;C:\Windows\System32\OpenSSH\;C:\Program Files (x86)\Intel\Intel(R) Management Engine Components\DAL;C:\Program Files\Intel\Intel(R) Management Engine Components\DAL;C:\Program Files (x86)\Intel\Intel(R) Management Engine Components\IPT;C:\Program Files\Intel\Intel(R) Management Engine Components\IPT;C:\Program Files\Intel\WiFi\bin\;C:\Program Files\Common Files\Intel\WirelessCommon\;C:\Program Files (x86)\IBM\Client Access\Emulator;C:\Program Files (x86)\IBM\Client Access\Shared;C:\Program Files (x86)\IBM\Client Access\;C:\Program Files(x86)\Java\jre7\bin;c:\Program Files (x86)\Microsoft SQL Server\100\Tools\Binn\;c:\Program Files (x86)\Microsoft SQL Server\100\DTS\Binn\;C:\Program Files (x86)\Brackets\command;C:\Program Files\Git\cmd;C:\Program Files\TortoiseGit\bin;C:\Users\0175158\AppData\Local\Microsoft\WindowsApps;C:\Program Files\Intel\WiFi\bin\;C:\Program Files\Common Files\Intel\WirelessCommon\;C:\Users\0175158\AppData\Local\Programs\Microsoft VS Code\bin;C:\MinGW\bin;C:\Program Files\PostgreSQL\11\bin;C:\Users\0175158\AppData\Local\Continuum\anaconda3;C:\Users\0175158\AppData\Local\Continuum\anaconda3\Sctipts;C:\Users\0175158\AppData\Local\Continnum\anaconda3\Library\mingw-w64\bin;C:\Users\0175158\AppData\Local\Programs\Python\Python37-32\Scripts\;C:\Users\0175158\AppData\Local\Programs\Python\Python37-32\;C:\Users\0175158\AppData\Local\Continuum\anaconda3\Library\usr\bin;C:\Users\0175158\AppData\local\Continuum\anaconda3\Library\bin;;.
10 09, 2019 3:41:53 午後 org.apache.coyote.AbstractProtocol init
情報: Initializing ProtocolHandler ["http-bio-8080"]
10 09, 2019 3:41:53 午後 org.apache.coyote.AbstractProtocol init
情報: Initializing ProtocolHandler ["http-bio-8080"]
10 09, 2019 3:41:53 午後 org.apache.coyote.AbstractProtocol init
情報: Initializing ProtocolHandler ["ajp-bio-8009"]
10 09, 2019 3:41:53 午後 org.apache.coyote.AbstractProtocol init
重大: Failed to initialize end point associated with ProtocolHandler ["http-bio-8080"]
java.net.BindException: Address already in use: JVM_Bind <null>:8080
	at org.apache.tomcat.util.net.JIoEndpoint.bind(JIoEndpoint.java:413)
	at org.apache.tomcat.util.net.AbstractEndpoint.init(AbstractEndpoint.java:728)
	at org.apache.coyote.AbstractProtocol.init(AbstractProtocol.java:452)
	at org.apache.coyote.http11.AbstractHttp11JsseProtocol.init(AbstractHttp11JsseProtocol.java:119)
	at org.apache.catalina.connector.Connector.initInternal(Connector.java:978)
	at org.apache.catalina.util.LifecycleBase.init(LifecycleBase.java:102)
	at org.apache.catalina.core.StandardService.initInternal(StandardService.java:560)
	at org.apache.catalina.util.LifecycleBase.init(LifecycleBase.java:102)
	at org.apache.catalina.core.StandardServer.initInternal(StandardServer.java:840)
	at org.apache.catalina.util.LifecycleBase.init(LifecycleBase.java:102)
	at org.apache.catalina.startup.Catalina.load(Catalina.java:659)
	at org.apache.catalina.startup.Catalina.load(Catalina.java:684)
	at sun.reflect.NativeMethodAccessorImpl.invoke0(Native Method)
	at sun.reflect.NativeMethodAccessorImpl.invoke(Unknown Source)
	at sun.reflect.DelegatingMethodAccessorImpl.invoke(Unknown Source)
	at java.lang.reflect.Method.invoke(Unknown Source)
	at org.apache.catalina.startup.Bootstrap.load(Bootstrap.java:253)
	at org.apache.catalina.startup.Bootstrap.main(Bootstrap.java:427)
Caused by: java.net.BindException: Address already in use: JVM_Bind
	at java.net.DualStackPlainSocketImpl.bind0(Native Method)
	at java.net.DualStackPlainSocketImpl.socketBind(Unknown Source)
	at java.net.AbstractPlainSocketImpl.bind(Unknown Source)
	at java.net.PlainSocketImpl.bind(Unknown Source)
	at java.net.ServerSocket.bind(Unknown Source)
	at java.net.ServerSocket.<init>(Unknown Source)
	at java.net.ServerSocket.<init>(Unknown Source)
	at org.apache.tomcat.util.net.DefaultServerSocketFactory.createSocket(DefaultServerSocketFactory.java:49)
	at org.apache.tomcat.util.net.JIoEndpoint.bind(JIoEndpoint.java:400)
	... 17 more

10 09, 2019 3:41:53 午後 org.apache.catalina.startup.Catalina load
情報: Initialization processed in 4847 ms
10 09, 2019 3:41:53 午後 org.apache.catalina.core.StandardService initInternal
重大: Failed to initialize connector [Connector[HTTP/1.1-8080]]
org.apache.catalina.LifecycleException: Failed to initialize component [Connector[HTTP/1.1-8080]]
	at org.apache.catalina.util.LifecycleBase.init(LifecycleBase.java:107)
	at org.apache.catalina.core.StandardService.initInternal(StandardService.java:560)
	at org.apache.catalina.util.LifecycleBase.init(LifecycleBase.java:102)
	at org.apache.catalina.core.StandardServer.initInternal(StandardServer.java:840)
	at org.apache.catalina.util.LifecycleBase.init(LifecycleBase.java:102)
	at org.apache.catalina.startup.Catalina.load(Catalina.java:659)
	at org.apache.catalina.startup.Catalina.load(Catalina.java:684)
	at sun.reflect.NativeMethodAccessorImpl.invoke0(Native Method)
	at sun.reflect.NativeMethodAccessorImpl.invoke(Unknown Source)
	at sun.reflect.DelegatingMethodAccessorImpl.invoke(Unknown Source)
	at java.lang.reflect.Method.invoke(Unknown Source)
	at org.apache.catalina.startup.Bootstrap.load(Bootstrap.java:253)
	at org.apache.catalina.startup.Bootstrap.main(Bootstrap.java:427)
Caused by: org.apache.catalina.LifecycleException: プロトコルハンドラの初期化に失敗しました
	at org.apache.catalina.connector.Connector.initInternal(Connector.java:980)
	at org.apache.catalina.util.LifecycleBase.init(LifecycleBase.java:102)
	... 12 more
Caused by: java.net.BindException: Address already in use: JVM_Bind <null>:8080
	at org.apache.tomcat.util.net.JIoEndpoint.bind(JIoEndpoint.java:413)
	at org.apache.tomcat.util.net.AbstractEndpoint.init(AbstractEndpoint.java:728)
	at org.apache.coyote.AbstractProtocol.init(AbstractProtocol.java:452)
	at org.apache.coyote.http11.AbstractHttp11JsseProtocol.init(AbstractHttp11JsseProtocol.java:119)
	at org.apache.catalina.connector.Connector.initInternal(Connector.java:978)
	... 13 more
Caused by: java.net.BindException: Address already in use: JVM_Bind
	at java.net.DualStackPlainSocketImpl.bind0(Native Method)
	at java.net.DualStackPlainSocketImpl.socketBind(Unknown Source)
	at java.net.AbstractPlainSocketImpl.bind(Unknown Source)
	at java.net.PlainSocketImpl.bind(Unknown Source)
	at java.net.ServerSocket.bind(Unknown Source)
	at java.net.ServerSocket.<init>(Unknown Source)
	at java.net.ServerSocket.<init>(Unknown Source)
	at org.apache.tomcat.util.net.DefaultServerSocketFactory.createSocket(DefaultServerSocketFactory.java:49)
	at org.apache.tomcat.util.net.JIoEndpoint.bind(JIoEndpoint.java:400)
	... 17 more

10 09, 2019 3:41:53 午後 org.apache.coyote.AbstractProtocol init
情報: Initializing ProtocolHandler ["ajp-bio-8009"]
10 09, 2019 3:41:53 午後 org.apache.coyote.AbstractProtocol init
重大: Failed to initialize end point associated with ProtocolHandler ["ajp-bio-8009"]
java.net.BindException: Address already in use: JVM_Bind <null>:8009
	at org.apache.tomcat.util.net.JIoEndpoint.bind(JIoEndpoint.java:413)
	at org.apache.tomcat.util.net.AbstractEndpoint.init(AbstractEndpoint.java:728)
	at org.apache.coyote.AbstractProtocol.init(AbstractProtocol.java:452)
	at org.apache.catalina.connector.Connector.initInternal(Connector.java:978)
	at org.apache.catalina.util.LifecycleBase.init(LifecycleBase.java:102)
	at org.apache.catalina.core.StandardService.initInternal(StandardService.java:560)
	at org.apache.catalina.util.LifecycleBase.init(LifecycleBase.java:102)
	at org.apache.catalina.core.StandardServer.initInternal(StandardServer.java:840)
	at org.apache.catalina.util.LifecycleBase.init(LifecycleBase.java:102)
	at org.apache.catalina.startup.Catalina.load(Catalina.java:659)
	at org.apache.catalina.startup.Catalina.load(Catalina.java:684)
	at sun.reflect.NativeMethodAccessorImpl.invoke0(Native Method)
	at sun.reflect.NativeMethodAccessorImpl.invoke(Unknown Source)
	at sun.reflect.DelegatingMethodAccessorImpl.invoke(Unknown Source)
	at java.lang.reflect.Method.invoke(Unknown Source)
	at org.apache.catalina.startup.Bootstrap.load(Bootstrap.java:253)
	at org.apache.catalina.startup.Bootstrap.main(Bootstrap.java:427)
Caused by: java.net.BindException: Address already in use: JVM_Bind
	at java.net.DualStackPlainSocketImpl.bind0(Native Method)
	at java.net.DualStackPlainSocketImpl.socketBind(Unknown Source)
	at java.net.AbstractPlainSocketImpl.bind(Unknown Source)
	at java.net.PlainSocketImpl.bind(Unknown Source)
	at java.net.ServerSocket.bind(Unknown Source)
	at java.net.ServerSocket.<init>(Unknown Source)
	at java.net.ServerSocket.<init>(Unknown Source)
	at org.apache.tomcat.util.net.DefaultServerSocketFactory.createSocket(DefaultServerSocketFactory.java:49)
	at org.apache.tomcat.util.net.JIoEndpoint.bind(JIoEndpoint.java:400)
	... 16 more

10 09, 2019 3:41:53 午後 org.apache.catalina.core.StandardService initInternal
重大: Failed to initialize connector [Connector[AJP/1.3-8009]]
org.apache.catalina.LifecycleException: Failed to initialize component [Connector[AJP/1.3-8009]]
	at org.apache.catalina.util.LifecycleBase.init(LifecycleBase.java:107)
	at org.apache.catalina.core.StandardService.initInternal(StandardService.java:560)
	at org.apache.catalina.util.LifecycleBase.init(LifecycleBase.java:102)
	at org.apache.catalina.core.StandardServer.initInternal(StandardServer.java:840)
	at org.apache.catalina.util.LifecycleBase.init(LifecycleBase.java:102)
	at org.apache.catalina.startup.Catalina.load(Catalina.java:659)
	at org.apache.catalina.startup.Catalina.load(Catalina.java:684)
	at sun.reflect.NativeMethodAccessorImpl.invoke0(Native Method)
	at sun.reflect.NativeMethodAccessorImpl.invoke(Unknown Source)
	at sun.reflect.DelegatingMethodAccessorImpl.invoke(Unknown Source)
	at java.lang.reflect.Method.invoke(Unknown Source)
	at org.apache.catalina.startup.Bootstrap.load(Bootstrap.java:253)
	at org.apache.catalina.startup.Bootstrap.main(Bootstrap.java:427)
Caused by: org.apache.catalina.LifecycleException: プロトコルハンドラの初期化に失敗しました
	at org.apache.catalina.connector.Connector.initInternal(Connector.java:980)
	at org.apache.catalina.util.LifecycleBase.init(LifecycleBase.java:102)
	... 12 more
Caused by: java.net.BindException: Address already in use: JVM_Bind <null>:8009
	at org.apache.tomcat.util.net.JIoEndpoint.bind(JIoEndpoint.java:413)
	at org.apache.tomcat.util.net.AbstractEndpoint.init(AbstractEndpoint.java:728)
	at org.apache.coyote.AbstractProtocol.init(AbstractProtocol.java:452)
	at org.apache.catalina.connector.Connector.initInternal(Connector.java:978)
	... 13 more
Caused by: java.net.BindException: Address already in use: JVM_Bind
	at java.net.DualStackPlainSocketImpl.bind0(Native Method)
	at java.net.DualStackPlainSocketImpl.socketBind(Unknown Source)
	at java.net.AbstractPlainSocketImpl.bind(Unknown Source)
	at java.net.PlainSocketImpl.bind(Unknown Source)
	at java.net.ServerSocket.bind(Unknown Source)
	at java.net.ServerSocket.<init>(Unknown Source)
	at java.net.ServerSocket.<init>(Unknown Source)
	at org.apache.tomcat.util.net.DefaultServerSocketFactory.createSocket(DefaultServerSocketFactory.java:49)
	at org.apache.tomcat.util.net.JIoEndpoint.bind(JIoEndpoint.java:400)
	... 16 more

10 09, 2019 3:41:53 午後 org.apache.catalina.startup.Catalina load
情報: Initialization processed in 4857 ms
10 09, 2019 3:41:53 午後 org.apache.catalina.core.StandardService startInternal
情報: サービス Catalina を起動します
10 09, 2019 3:41:53 午後 org.apache.catalina.core.StandardEngine startInternal
情報: Starting Servlet Engine: Apache Tomcat/7.0.92
10 09, 2019 3:41:53 午後 org.apache.catalina.core.StandardService startInternal
情報: サービス Catalina を起動します
10 09, 2019 3:41:53 午後 org.apache.catalina.core.StandardEngine startInternal
情報: Starting Servlet Engine: Apache Tomcat/7.0.92
10 09, 2019 3:41:53 午後 org.apache.catalina.startup.HostConfig deployDirectory
情報: Webアプリケーションディレクトリ C:\xampp\tomcat\webapps\docs を配備します
10 09, 2019 3:41:53 午後 org.apache.catalina.startup.HostConfig deployDirectory
情報: Webアプリケーションディレクトリ C:\xampp\tomcat\webapps\docs を配備します
10 09, 2019 3:41:54 午後 org.apache.catalina.util.SessionIdGeneratorBase createSecureRandom
警告: Creation of SecureRandom instance for session ID generation using [SHA1PRNG] took [295] milliseconds.
10 09, 2019 3:41:54 午後 org.apache.catalina.util.SessionIdGeneratorBase createSecureRandom
警告: Creation of SecureRandom instance for session ID generation using [SHA1PRNG] took [295] milliseconds.
10 09, 2019 3:41:54 午後 org.apache.catalina.startup.HostConfig deployDirectory
情報: Deployment of web application directory C:\xampp\tomcat\webapps\docs has finished in 1,071 ms
10 09, 2019 3:41:54 午後 org.apache.catalina.startup.HostConfig deployDirectory
情報: Webアプリケーションディレクトリ C:\xampp\tomcat\webapps\examples を配備します
10 09, 2019 3:41:54 午後 org.apache.catalina.startup.HostConfig deployDirectory
情報: Deployment of web application directory C:\xampp\tomcat\webapps\docs has finished in 1,070 ms
10 09, 2019 3:41:54 午後 org.apache.catalina.startup.HostConfig deployDirectory
情報: Webアプリケーションディレクトリ C:\xampp\tomcat\webapps\examples を配備します
10 09, 2019 3:41:56 午後 org.apache.catalina.startup.HostConfig deployDirectory
情報: Deployment of web application directory C:\xampp\tomcat\webapps\examples has finished in 2,243 ms
10 09, 2019 3:41:56 午後 org.apache.catalina.startup.HostConfig deployDirectory
情報: Webアプリケーションディレクトリ C:\xampp\tomcat\webapps\host-manager を配備します
10 09, 2019 3:41:56 午後 org.apache.catalina.startup.HostConfig deployDirectory
情報: Deployment of web application directory C:\xampp\tomcat\webapps\examples has finished in 2,242 ms
10 09, 2019 3:41:56 午後 org.apache.catalina.startup.HostConfig deployDirectory
情報: Webアプリケーションディレクトリ C:\xampp\tomcat\webapps\host-manager を配備します
10 09, 2019 3:41:56 午後 org.apache.catalina.startup.HostConfig deployDirectory
情報: Deployment of web application directory C:\xampp\tomcat\webapps\host-manager has finished in 103 ms
10 09, 2019 3:41:56 午後 org.apache.catalina.startup.HostConfig deployDirectory
情報: Deployment of web application directory C:\xampp\tomcat\webapps\host-manager has finished in 100 ms
10 09, 2019 3:41:56 午後 org.apache.catalina.startup.HostConfig deployDirectory
情報: Webアプリケーションディレクトリ C:\xampp\tomcat\webapps\manager を配備します
10 09, 2019 3:41:56 午後 org.apache.catalina.startup.HostConfig deployDirectory
情報: Webアプリケーションディレクトリ C:\xampp\tomcat\webapps\manager を配備します
10 09, 2019 3:41:57 午後 org.apache.catalina.startup.HostConfig deployDirectory
情報: Deployment of web application directory C:\xampp\tomcat\webapps\manager has finished in 98 ms
10 09, 2019 3:41:57 午後 org.apache.catalina.startup.HostConfig deployDirectory
情報: Webアプリケーションディレクトリ C:\xampp\tomcat\webapps\ROOT を配備します
10 09, 2019 3:41:57 午後 org.apache.catalina.startup.HostConfig deployDirectory
情報: Deployment of web application directory C:\xampp\tomcat\webapps\manager has finished in 109 ms
10 09, 2019 3:41:57 午後 org.apache.catalina.startup.HostConfig deployDirectory
情報: Webアプリケーションディレクトリ C:\xampp\tomcat\webapps\ROOT を配備します
10 09, 2019 3:41:57 午後 org.apache.catalina.startup.HostConfig deployDirectory
情報: Deployment of web application directory C:\xampp\tomcat\webapps\ROOT has finished in 69 ms
10 09, 2019 3:41:57 午後 org.apache.coyote.AbstractProtocol start
情報: Starting ProtocolHandler ["http-bio-8080"]
10 09, 2019 3:41:57 午後 org.apache.catalina.startup.HostConfig deployDirectory
情報: Deployment of web application directory C:\xampp\tomcat\webapps\ROOT has finished in 70 ms
10 09, 2019 3:41:57 午後 org.apache.catalina.startup.Catalina start
情報: Server startup in 3677 ms
10 09, 2019 3:41:57 午後 org.apache.coyote.AbstractProtocol start
情報: Starting ProtocolHandler ["ajp-bio-8009"]
10 09, 2019 3:41:57 午後 org.apache.catalina.startup.Catalina start
情報: Server startup in 3699 ms
10 09, 2019 3:41:57 午後 org.apache.catalina.core.StandardServer await
重大: StandardServer.await: create[localhost:8005]: 
java.net.BindException: Address already in use: JVM_Bind
	at java.net.DualStackPlainSocketImpl.bind0(Native Method)
	at java.net.DualStackPlainSocketImpl.socketBind(Unknown Source)
	at java.net.AbstractPlainSocketImpl.bind(Unknown Source)
	at java.net.PlainSocketImpl.bind(Unknown Source)
	at java.net.ServerSocket.bind(Unknown Source)
	at java.net.ServerSocket.<init>(Unknown Source)
	at org.apache.catalina.core.StandardServer.await(StandardServer.java:444)
	at org.apache.catalina.startup.Catalina.await(Catalina.java:798)
	at org.apache.catalina.startup.Catalina.start(Catalina.java:744)
	at sun.reflect.NativeMethodAccessorImpl.invoke0(Native Method)
	at sun.reflect.NativeMethodAccessorImpl.invoke(Unknown Source)
	at sun.reflect.DelegatingMethodAccessorImpl.invoke(Unknown Source)
	at java.lang.reflect.Method.invoke(Unknown Source)
	at org.apache.catalina.startup.Bootstrap.start(Bootstrap.java:294)
	at org.apache.catalina.startup.Bootstrap.main(Bootstrap.java:428)

10 09, 2019 3:41:57 午後 org.apache.coyote.AbstractProtocol pause
情報: Pausing ProtocolHandler ["http-bio-8080"]
10 09, 2019 3:41:57 午後 org.apache.coyote.AbstractProtocol pause
情報: Pausing ProtocolHandler ["ajp-bio-8009"]
10 09, 2019 3:41:57 午後 org.apache.catalina.core.StandardService stopInternal
情報: サービス Catalina を停止します
10 09, 2019 3:41:57 午後 org.apache.coyote.AbstractProtocol stop
情報: Stopping ProtocolHandler ["http-bio-8080"]
10 09, 2019 3:41:57 午後 org.apache.coyote.AbstractProtocol stop
情報: Stopping ProtocolHandler ["ajp-bio-8009"]
10 09, 2019 3:41:57 午後 org.apache.coyote.AbstractProtocol destroy
情報: Destroying ProtocolHandler ["http-bio-8080"]
10 09, 2019 3:41:57 午後 org.apache.coyote.AbstractProtocol destroy
情報: Destroying ProtocolHandler ["ajp-bio-8009"]
